<?xml version="1.0" encoding="UTF-8"?>
<!-- Generated by org.testng.reporters.JUnitReportReporter -->
<testsuite hostname="LAPTOP-MC9N9JRG" failures="0" tests="1" name="ContactModule.CreateContactWithSupportDate" time="25.365" errors="0" timestamp="2025-06-10T17:34:51 IST" skipped="0">
  <testcase classname="ContactModule.CreateContactWithSupportDate" name="CreateConttsupportdate" time="25.365"/>
</testsuite> <!-- ContactModule.CreateContactWithSupportDate -->
