<?xml version="1.0" encoding="UTF-8"?>
<!-- Generated by org.testng.reporters.JUnitReportReporter -->
<testsuite hostname="LAPTOP-MC9N9JRG" failures="0" tests="1" name="ContactModule.CreateContactWithOrganization" time="41.993" errors="0" timestamp="2025-06-13T17:46:17 IST" skipped="0">
  <testcase classname="ContactModule.CreateContactWithOrganization" name="CreateContactWithOrg" time="41.993"/>
</testsuite> <!-- ContactModule.CreateContactWithOrganization -->
