<?xml version="1.0" encoding="UTF-8"?>
<!-- Generated by org.testng.reporters.JUnitReportReporter -->
<testsuite hostname="LAPTOP-MC9N9JRG" failures="0" tests="6" name="OrganizationModule.OrganizationAllTestSenarios" time="53.201" errors="1" timestamp="2025-06-17T17:32:25 IST" skipped="5">
  <testcase classname="OrganizationModule.OrganizationAllTestSenarios" name="Createneworg" time="8.493">
    <skipped/>
  </testcase> <!-- Createneworg -->
  <testcase classname="OrganizationModule.OrganizationAllTestSenarios" name="Createneworg" time="4.677">
    <error message="Cannot invoke &quot;com.aventstack.extentreports.ExtentTest.log(com.aventstack.extentreports.Status, String)&quot; because &quot;ListenersUtillity.Listenersss.test&quot; is null" type="java.lang.NullPointerException">
      <![CDATA[java.lang.NullPointerException: Cannot invoke "com.aventstack.extentreports.ExtentTest.log(com.aventstack.extentreports.Status, String)" because "ListenersUtillity.Listenersss.test" is null
at OrganizationModule.OrganizationAllTestSenarios.Createneworg(OrganizationAllTestSenarios.java:53)
at java.base/jdk.internal.reflect.NativeMethodAccessorImpl.invoke0(Native Method)
at java.base/jdk.internal.reflect.NativeMethodAccessorImpl.invoke(NativeMethodAccessorImpl.java:77)
at java.base/jdk.internal.reflect.DelegatingMethodAccessorImpl.invoke(DelegatingMethodAccessorImpl.java:43)
at java.base/java.lang.reflect.Method.invoke(Method.java:568)
at org.testng.internal.invokers.MethodInvocationHelper.invokeMethod(MethodInvocationHelper.java:141)
at org.testng.internal.invokers.TestInvoker.invokeMethod(TestInvoker.java:686)
at org.testng.internal.invokers.TestInvoker.retryFailed(TestInvoker.java:269)
at org.testng.internal.invokers.MethodRunner.runInSequence(MethodRunner.java:76)
at org.testng.internal.invokers.TestInvoker$MethodInvocationAgent.invoke(TestInvoker.java:992)
at org.testng.internal.invokers.TestInvoker.invokeTestMethods(TestInvoker.java:203)
at org.testng.internal.invokers.TestMethodWorker.invokeTestMethods(TestMethodWorker.java:154)
at org.testng.internal.invokers.TestMethodWorker.run(TestMethodWorker.java:134)
at java.base/java.util.ArrayList.forEach(ArrayList.java:1511)
at org.testng.TestRunner.privateRun(TestRunner.java:739)
at org.testng.TestRunner.run(TestRunner.java:614)
at org.testng.SuiteRunner.runTest(SuiteRunner.java:421)
at org.testng.SuiteRunner.runSequentially(SuiteRunner.java:413)
at org.testng.SuiteRunner.privateRun(SuiteRunner.java:373)
at org.testng.SuiteRunner.run(SuiteRunner.java:312)
at org.testng.SuiteRunnerWorker.runSuite(SuiteRunnerWorker.java:52)
at org.testng.SuiteRunnerWorker.run(SuiteRunnerWorker.java:95)
at org.testng.TestNG.runSuitesSequentially(TestNG.java:1274)
at org.testng.TestNG.runSuitesLocally(TestNG.java:1208)
at org.testng.TestNG.runSuites(TestNG.java:1112)
at org.testng.TestNG.run(TestNG.java:1079)
at org.testng.remote.AbstractRemoteTestNG.run(AbstractRemoteTestNG.java:115)
at org.testng.remote.RemoteTestNG.initAndRun(RemoteTestNG.java:293)
at org.testng.remote.RemoteTestNG.main(RemoteTestNG.java:91)
]]>
    </error>
  </testcase> <!-- Createneworg -->
  <testcase classname="OrganizationModule.OrganizationAllTestSenarios" name="Createneworg" time="6.428">
    <skipped/>
  </testcase> <!-- Createneworg -->
  <testcase classname="OrganizationModule.OrganizationAllTestSenarios" name="Createneworg" time="10.162">
    <skipped/>
  </testcase> <!-- Createneworg -->
  <testcase classname="OrganizationModule.OrganizationAllTestSenarios" name="Createneworg" time="12.806">
    <skipped/>
  </testcase> <!-- Createneworg -->
  <testcase classname="OrganizationModule.OrganizationAllTestSenarios" name="Createneworg" time="10.635">
    <skipped/>
  </testcase> <!-- Createneworg -->
  <system-out>
    <![CDATA[Database Connected
Configure the Parallel Exe
Navigated and logged in
Logout
Navigated and logged in
Logout
Navigated and logged in
Logout
Navigated and logged in
Logout
Navigated and logged in
Logout
Navigated and logged in
Logout
Close the browser
Configure the Parallel Exe
Database Connection failed]]>
  </system-out>
</testsuite> <!-- OrganizationModule.OrganizationAllTestSenarios -->
