<?xml version="1.0" encoding="UTF-8"?>
<!-- Generated by org.testng.reporters.JUnitReportReporter -->
<testsuite hostname="LAPTOP-MC9N9JRG" failures="0" tests="1" name="OrganizationModule.CreateOrganizationWithPhoneNumber" time="32.865" errors="0" timestamp="2025-06-09T16:22:18 IST" skipped="0">
  <testcase classname="OrganizationModule.CreateOrganizationWithPhoneNumber" name="createorgphone" time="32.865"/>
</testsuite> <!-- OrganizationModule.CreateOrganizationWithPhoneNumber -->
