<?xml version="1.0" encoding="UTF-8"?>
<!-- Generated by org.testng.reporters.JUnitReportReporter -->
<testsuite hostname="LAPTOP-MC9N9JRG" failures="0" tests="3" name="OrganizationModule.OrganizationAllTestSenarios" time="90.195" errors="0" timestamp="2025-06-13T17:56:26 IST" skipped="0">
  <testcase classname="OrganizationModule.OrganizationAllTestSenarios" name="CreateOrganisation_IndustryAndType" time="26.831">
    <system-out>
      <![CDATA[ON Test Start execution
Test method execution started<==CreateOrganisation_IndustryAndType==>
 On Test success execution
Test method execution successfull<==CreateOrganisation_IndustryAndType==>]]>
    </system-out>
  </testcase> <!-- CreateOrganisation_IndustryAndType -->
  <testcase classname="OrganizationModule.OrganizationAllTestSenarios" name="createorgphone" time="32.944">
    <system-out>
      <![CDATA[ON Test Start execution
Test method execution started<==createorgphone==>
 On Test success execution
Test method execution successfull<==createorgphone==>]]>
    </system-out>
  </testcase> <!-- createorgphone -->
  <testcase classname="OrganizationModule.OrganizationAllTestSenarios" name="Createneworg" time="30.420">
    <system-out>
      <![CDATA[ON Test Start execution
Test method execution started<==Createneworg==>
 On Test success execution
Test method execution successfull<==Createneworg==>]]>
    </system-out>
  </testcase> <!-- Createneworg -->
  <system-out>
    <![CDATA[Test start execution
Configure the Report
Database Connected
Configure the Parallel Exe
Navigated and logged in
ON Test Start execution
Test method execution started<==CreateOrganisation_IndustryAndType==>
 On Test success execution
Test method execution successfull<==CreateOrganisation_IndustryAndType==>
Logout
Navigated and logged in
ON Test Start execution
Test method execution started<==Createneworg==>
 On Test success execution
Test method execution successfull<==Createneworg==>
Logout
Navigated and logged in
ON Test Start execution
Test method execution started<==createorgphone==>
 On Test success execution
Test method execution successfull<==createorgphone==>
Logout
Close the browser
Navigated and logged in
ON Test Start execution
Test method execution started<==CreateContactWithOrg==>
 On Test success execution
Test method execution successfull<==CreateContactWithOrg==>
Logout
Navigated and logged in
ON Test Start execution
Test method execution started<==CreateConttName==>
 On Test success execution
Test method execution successfull<==CreateConttName==>
Logout
Navigated and logged in
ON Test Start execution
Test method execution started<==CreateConttsupportdate==>
 On Test success execution
Test method execution successfull<==CreateConttsupportdate==>
Logout
Close the browser
Configure the Parallel Exe
Database Connection failed]]>
  </system-out>
</testsuite> <!-- OrganizationModule.OrganizationAllTestSenarios -->
